<?xml version="1.0" encoding="UTF-8"?>
<!-- Generated by org.testng.reporters.JUnitReportReporter -->
<testsuite skipped="0" hostname="LAPTOP-MH082TRD" name="vinayDammala.libraries.DemoTest" tests="1" failures="0" timestamp="2023-08-16T21:39:37 EDT" time="5.261" errors="0">
  <testcase name="openGoogleURL" time="5.261" classname="vinayDammala.libraries.DemoTest"/>
  <system-out/>
</testsuite> <!-- vinayDammala.libraries.DemoTest -->
