<?xml version="1.0" encoding="UTF-8"?>
<!-- Generated by org.testng.reporters.JUnitReportReporter -->
<testsuite skipped="0" hostname="LAPTOP-MH082TRD" name="vinayDammala.tests.ErrorValidations" tests="1" failures="0" timestamp="15 Aug 2023 01:25:42 GMT" time="1.247" errors="0">
  <testcase name="submitOrder" time="1.247" classname="vinayDammala.tests.ErrorValidations"/>
</testsuite> <!-- vinayDammala.tests.ErrorValidations -->
