<?xml version="1.0" encoding="UTF-8"?>
<!-- Generated by org.testng.reporters.JUnitReportReporter -->
<testsuite hostname="LAPTOP-MH082TRD" failures="0" tests="3" name="vinayDammala.tests.MainTest" time="30.477" errors="0" timestamp="2023-08-18T17:33:30 GMT-04:00" skipped="0">
  <testcase classname="vinayDammala.tests.MainTest" name="submitOrder" time="10.677"/>
  <testcase classname="vinayDammala.tests.MainTest" name="orderPage" time="9.460"/>
  <testcase classname="vinayDammala.tests.MainTest" name="submitOrder" time="10.340"/>
</testsuite> <!-- vinayDammala.tests.MainTest -->
