<?xml version="1.0" encoding="UTF-8"?>
<!-- Generated by org.testng.reporters.JUnitReportReporter -->
<testsuite hostname="LAPTOP-MH082TRD" failures="0" tests="2" name="vinayDammala.tests.TestNgRunner" time="18.701" errors="0" timestamp="2023-08-20T19:50:13 GMT-04:00" skipped="0">
  <testcase classname="vinayDammala.tests.TestNgRunner" name="runScenario" time="10.115"/>
  <testcase classname="vinayDammala.tests.TestNgRunner" name="runScenario" time="8.586"/>
</testsuite> <!-- vinayDammala.tests.TestNgRunner -->
