<?xml version="1.0" encoding="UTF-8"?>
<!-- Generated by org.testng.reporters.JUnitReportReporter -->
<testsuite hostname="LAPTOP-MH082TRD" failures="0" tests="3" name="vinayDammala.tests.MainTest" time="32.411" errors="0" timestamp="2023-08-18T17:38:31 GMT-04:00" skipped="0">
  <testcase classname="vinayDammala.tests.MainTest" name="submitOrder" time="11.364"/>
  <testcase classname="vinayDammala.tests.MainTest" name="orderPage" time="10.158"/>
  <testcase classname="vinayDammala.tests.MainTest" name="submitOrder" time="10.889"/>
</testsuite> <!-- vinayDammala.tests.MainTest -->
